<?xml version="1.0" encoding="UTF-8"?>
<!-- Generated by org.testng.reporters.JUnitReportReporter -->
<testsuite hostname="z0410100132" name="com.webtest.TestLoginPage" tests="2" failures="0" timestamp="24 Sep 2017 00:14:36 GMT" time="22.961" errors="0">
  <testcase name="test_login_page_02" time="5.776" classname="com.webtest.TestLoginPage"/>
  <testcase name="test_login_page_01" time="17.185" classname="com.webtest.TestLoginPage"/>
</testsuite> <!-- com.webtest.TestLoginPage -->
