<?xml version="1.0" encoding="UTF-8"?>
<!-- Generated by org.testng.reporters.JUnitReportReporter -->
<testsuite hostname="z0410100132" name="com.webtest.NewTest"
	tests="2" failures="0" timestamp="22 Sep 2017 03:23:19 GMT" time="12.621"
	errors="0">
	<testcase name="test01" time="9.303" classname="com.webtest.NewTest" />
	<testcase name="test02" time="3.318" classname="com.webtest.NewTest" />
</testsuite> <!-- com.webtest.NewTest -->
